<?xml version="1.0" encoding="UTF-8"?>
<!-- Generated by org.testng.reporters.JUnitReportReporter -->
<testsuite hostname="karolubu-System-Product-Name" name="firsttestngpackage.FirstTestNGFile" tests="3" failures="0" timestamp="17 Jan 2016 12:57:26 GMT" time="2.988" errors="0">
  <testcase name="a" time="1.822" classname="firsttestngpackage.FirstTestNGFile"/>
  <testcase name="c" time="0.565" classname="firsttestngpackage.FirstTestNGFile"/>
  <testcase name="b" time="0.601" classname="firsttestngpackage.FirstTestNGFile"/>
</testsuite> <!-- firsttestngpackage.FirstTestNGFile -->
